# JRE version: OpenJDK Runtime Environment (8.0_152-b01) (build 1.8.0_152-release-1248-b01)
# Java VM: OpenJDK 64-Bit Server VM (25.152-b01 mixed mode windows-amd64 compressed oops)
Heap:
 PSYoungGen      total 232448K, used 39625K [0x00000000e0000000, 0x00000000efc80000, 0x0000000100000000)
  eden space 214528K, 18% used [0x00000000e0000000,0x00000000e26b2538,0x00000000ed180000)
  from space 17920K, 0% used [0x00000000ee880000,0x00000000ee880000,0x00000000efa00000)
  to   space 22016K, 0% used [0x00000000ed180000,0x00000000ed180000,0x00000000ee700000)
 ParOldGen       total 218112K, used 35499K [0x00000000a0000000, 0x00000000ad500000, 0x00000000e0000000)
  object space 218112K, 16% used [0x00000000a0000000,0x00000000a22aad78,0x00000000ad500000)
 Metaspace       used 58177K, capacity 59800K, committed 60160K, reserved 1101824K
  class space    used 7939K, capacity 8361K, committed 8448K, reserved 1048576K
GC Heap History (10 events):
Event: 3.352 GC heap before
{Heap before GC invocations=7 (full 1):
 PSYoungGen      total 138240K, used 15513K [0x00000000e0000000, 0x00000000ea000000, 0x0000000100000000)
  eden space 127488K, 3% used [0x00000000e0000000,0x00000000e04abbb0,0x00000000e7c80000)
  from space 10752K, 99% used [0x00000000e7c80000,0x00000000e86faab8,0x00000000e8700000)
  to   space 14336K, 0% used [0x00000000e9200000,0x00000000e9200000,0x00000000ea000000)
 ParOldGen       total 113152K, used 12059K [0x00000000a0000000, 0x00000000a6e80000, 0x00000000e0000000)
  object space 113152K, 10% used [0x00000000a0000000,0x00000000a0bc6fd0,0x00000000a6e80000)
 Metaspace       used 34685K, capacity 35262K, committed 35416K, reserved 1079296K
  class space    used 4838K, capacity 5065K, committed 5120K, reserved 1048576K
Event: 3.358 GC heap after
Heap after GC invocations=7 (full 1):
 PSYoungGen      total 149504K, used 7670K [0x00000000e0000000, 0x00000000ef300000, 0x0000000100000000)
  eden space 135168K, 0% used [0x00000000e0000000,0x00000000e0000000,0x00000000e8400000)
  from space 14336K, 53% used [0x00000000e9200000,0x00000000e997da30,0x00000000ea000000)
  to   space 14336K, 0% used [0x00000000e8400000,0x00000000e8400000,0x00000000e9200000)
 ParOldGen       total 113152K, used 12067K [0x00000000a0000000, 0x00000000a6e80000, 0x00000000e0000000)
  object space 113152K, 10% used [0x00000000a0000000,0x00000000a0bc8fd0,0x00000000a6e80000)
 Metaspace       used 34685K, capacity 35262K, committed 35416K, reserved 1079296K
  class space    used 4838K, capacity 5065K, committed 5120K, reserved 1048576K
}
Event: 3.358 GC heap before
{Heap before GC invocations=8 (full 2):
 PSYoungGen      total 149504K, used 7670K [0x00000000e0000000, 0x00000000ef300000, 0x0000000100000000)
  eden space 135168K, 0% used [0x00000000e0000000,0x00000000e0000000,0x00000000e8400000)
  from space 14336K, 53% used [0x00000000e9200000,0x00000000e997da30,0x00000000ea000000)
  to   space 14336K, 0% used [0x00000000e8400000,0x00000000e8400000,0x00000000e9200000)
 ParOldGen       total 113152K, used 12067K [0x00000000a0000000, 0x00000000a6e80000, 0x00000000e0000000)
  object space 113152K, 10% used [0x00000000a0000000,0x00000000a0bc8fd0,0x00000000a6e80000)
 Metaspace       used 34685K, capacity 35262K, committed 35416K, reserved 1079296K
  class space    used 4838K, capacity 5065K, committed 5120K, reserved 1048576K
Event: 3.397 GC heap after
Heap after GC invocations=8 (full 2):
 PSYoungGen      total 149504K, used 0K [0x00000000e0000000, 0x00000000ef300000, 0x0000000100000000)
  eden space 135168K, 0% used [0x00000000e0000000,0x00000000e0000000,0x00000000e8400000)
  from space 14336K, 0% used [0x00000000e9200000,0x00000000e9200000,0x00000000ea000000)
  to   space 14336K, 0% used [0x00000000e8400000,0x00000000e8400000,0x00000000e9200000)
 ParOldGen       total 152064K, used 14711K [0x00000000a0000000, 0x00000000a9480000, 0x00000000e0000000)
  object space 152064K, 9% used [0x00000000a0000000,0x00000000a0e5dfb8,0x00000000a9480000)
 Metaspace       used 34685K, capacity 35262K, committed 35416K, reserved 1079296K
  class space    used 4838K, capacity 5065K, committed 5120K, reserved 1048576K
}
Event: 4.894 GC heap before
{Heap before GC invocations=9 (full 2):
 PSYoungGen      total 149504K, used 135168K [0x00000000e0000000, 0x00000000ef300000, 0x0000000100000000)
  eden space 135168K, 100% used [0x00000000e0000000,0x00000000e8400000,0x00000000e8400000)
  from space 14336K, 0% used [0x00000000e9200000,0x00000000e9200000,0x00000000ea000000)
  to   space 14336K, 0% used [0x00000000e8400000,0x00000000e8400000,0x00000000e9200000)
 ParOldGen       total 152064K, used 14711K [0x00000000a0000000, 0x00000000a9480000, 0x00000000e0000000)
  object space 152064K, 9% used [0x00000000a0000000,0x00000000a0e5dfb8,0x00000000a9480000)
 Metaspace       used 47863K, capacity 48746K, committed 49024K, reserved 1091584K
  class space    used 6472K, capacity 6752K, committed 6784K, reserved 1048576K
Event: 4.907 GC heap after
Heap after GC invocations=9 (full 2):
 PSYoungGen      total 149504K, used 14322K [0x00000000e0000000, 0x00000000efa00000, 0x0000000100000000)
  eden space 135168K, 0% used [0x00000000e0000000,0x00000000e0000000,0x00000000e8400000)
  from space 14336K, 99% used [0x00000000e8400000,0x00000000e91fc908,0x00000000e9200000)
  to   space 17920K, 0% used [0x00000000ee880000,0x00000000ee880000,0x00000000efa00000)
 ParOldGen       total 152064K, used 18490K [0x00000000a0000000, 0x00000000a9480000, 0x00000000e0000000)
  object space 152064K, 12% used [0x00000000a0000000,0x00000000a120eae8,0x00000000a9480000)
 Metaspace       used 47863K, capacity 48746K, committed 49024K, reserved 1091584K
  class space    used 6472K, capacity 6752K, committed 6784K, reserved 1048576K
}
Event: 6.098 GC heap before
{Heap before GC invocations=10 (full 2):
 PSYoungGen      total 149504K, used 133009K [0x00000000e0000000, 0x00000000efa00000, 0x0000000100000000)
  eden space 135168K, 87% used [0x00000000e0000000,0x00000000e73e7da8,0x00000000e8400000)
  from space 14336K, 99% used [0x00000000e8400000,0x00000000e91fc908,0x00000000e9200000)
  to   space 17920K, 0% used [0x00000000ee880000,0x00000000ee880000,0x00000000efa00000)
 ParOldGen       total 152064K, used 18490K [0x00000000a0000000, 0x00000000a9480000, 0x00000000e0000000)
  object space 152064K, 12% used [0x00000000a0000000,0x00000000a120eae8,0x00000000a9480000)
 Metaspace       used 57302K, capacity 58888K, committed 59008K, reserved 1099776K
  class space    used 7847K, capacity 8257K, committed 8320K, reserved 1048576K
Event: 6.113 GC heap after
Heap after GC invocations=10 (full 2):
 PSYoungGen      total 232448K, used 17904K [0x00000000e0000000, 0x00000000efc80000, 0x0000000100000000)
  eden space 214528K, 0% used [0x00000000e0000000,0x00000000e0000000,0x00000000ed180000)
  from space 17920K, 99% used [0x00000000ee880000,0x00000000ef9fc168,0x00000000efa00000)
  to   space 22016K, 0% used [0x00000000ed180000,0x00000000ed180000,0x00000000ee700000)
 ParOldGen       total 152064K, used 22759K [0x00000000a0000000, 0x00000000a9480000, 0x00000000e0000000)
  object space 152064K, 14% used [0x00000000a0000000,0x00000000a1639d30,0x00000000a9480000)
 Metaspace       used 57302K, capacity 58888K, committed 59008K, reserved 1099776K
  class space    used 7847K, capacity 8257K, committed 8320K, reserved 1048576K
}
Event: 6.113 GC heap before
{Heap before GC invocations=11 (full 3):
 PSYoungGen      total 232448K, used 17904K [0x00000000e0000000, 0x00000000efc80000, 0x0000000100000000)
  eden space 214528K, 0% used [0x00000000e0000000,0x00000000e0000000,0x00000000ed180000)
  from space 17920K, 99% used [0x00000000ee880000,0x00000000ef9fc168,0x00000000efa00000)
  to   space 22016K, 0% used [0x00000000ed180000,0x00000000ed180000,0x00000000ee700000)
 ParOldGen       total 152064K, used 22759K [0x00000000a0000000, 0x00000000a9480000, 0x00000000e0000000)
  object space 152064K, 14% used [0x00000000a0000000,0x00000000a1639d30,0x00000000a9480000)
 Metaspace       used 57302K, capacity 58888K, committed 59008K, reserved 1099776K
  class space    used 7847K, capacity 8257K, committed 8320K, reserved 1048576K
Event: 6.262 GC heap after
Heap after GC invocations=11 (full 3):
 PSYoungGen      total 232448K, used 0K [0x00000000e0000000, 0x00000000efc80000, 0x0000000100000000)
  eden space 214528K, 0% used [0x00000000e0000000,0x00000000e0000000,0x00000000ed180000)
  from space 17920K, 0% used [0x00000000ee880000,0x00000000ee880000,0x00000000efa00000)
  to   space 22016K, 0% used [0x00000000ed180000,0x00000000ed180000,0x00000000ee700000)
 ParOldGen       total 218112K, used 35499K [0x00000000a0000000, 0x00000000ad500000, 0x00000000e0000000)
  object space 218112K, 16% used [0x00000000a0000000,0x00000000a22aad78,0x00000000ad500000)
 Metaspace       used 57302K, capacity 58888K, committed 59008K, reserved 1099776K
  class space    used 7847K, capacity 8257K, committed 8320K, reserved 1048576K
}

