# JRE version: OpenJDK Runtime Environment (8.0_152-b01) (build 1.8.0_152-release-1248-b01)
# Java VM: OpenJDK 64-Bit Server VM (25.152-b01 mixed mode windows-amd64 compressed oops)
Heap:
 PSYoungGen      total 220160K, used 24849K [0x00000000e0000000, 0x00000000ef080000, 0x0000000100000000)
  eden space 202240K, 12% used [0x00000000e0000000,0x00000000e18447a0,0x00000000ec580000)
  from space 17920K, 0% used [0x00000000edc00000,0x00000000edc00000,0x00000000eed80000)
  to   space 22016K, 0% used [0x00000000ec580000,0x00000000ec580000,0x00000000edb00000)
 ParOldGen       total 232448K, used 35711K [0x00000000a0000000, 0x00000000ae300000, 0x00000000e0000000)
  object space 232448K, 15% used [0x00000000a0000000,0x00000000a22dfd78,0x00000000ae300000)
 Metaspace       used 57903K, capacity 59490K, committed 59648K, reserved 1099776K
  class space    used 7923K, capacity 8326K, committed 8448K, reserved 1048576K
GC Heap History (10 events):
Event: 3.287 GC heap before
{Heap before GC invocations=7 (full 1):
 PSYoungGen      total 138240K, used 17671K [0x00000000e0000000, 0x00000000e9c00000, 0x0000000100000000)
  eden space 127488K, 5% used [0x00000000e0000000,0x00000000e06c5e70,0x00000000e7c80000)
  from space 10752K, 99% used [0x00000000e7c80000,0x00000000e86fbf30,0x00000000e8700000)
  to   space 14336K, 0% used [0x00000000e8e00000,0x00000000e8e00000,0x00000000e9c00000)
 ParOldGen       total 113664K, used 11912K [0x00000000a0000000, 0x00000000a6f00000, 0x00000000e0000000)
  object space 113664K, 10% used [0x00000000a0000000,0x00000000a0ba2190,0x00000000a6f00000)
 Metaspace       used 34698K, capacity 35262K, committed 35416K, reserved 1079296K
  class space    used 4838K, capacity 5065K, committed 5120K, reserved 1048576K
Event: 3.292 GC heap after
Heap after GC invocations=7 (full 1):
 PSYoungGen      total 145408K, used 7716K [0x00000000e0000000, 0x00000000eea80000, 0x0000000100000000)
  eden space 131072K, 0% used [0x00000000e0000000,0x00000000e0000000,0x00000000e8000000)
  from space 14336K, 53% used [0x00000000e8e00000,0x00000000e9589070,0x00000000e9c00000)
  to   space 14336K, 0% used [0x00000000e8000000,0x00000000e8000000,0x00000000e8e00000)
 ParOldGen       total 113664K, used 11912K [0x00000000a0000000, 0x00000000a6f00000, 0x00000000e0000000)
  object space 113664K, 10% used [0x00000000a0000000,0x00000000a0ba2190,0x00000000a6f00000)
 Metaspace       used 34698K, capacity 35262K, committed 35416K, reserved 1079296K
  class space    used 4838K, capacity 5065K, committed 5120K, reserved 1048576K
}
Event: 3.292 GC heap before
{Heap before GC invocations=8 (full 2):
 PSYoungGen      total 145408K, used 7716K [0x00000000e0000000, 0x00000000eea80000, 0x0000000100000000)
  eden space 131072K, 0% used [0x00000000e0000000,0x00000000e0000000,0x00000000e8000000)
  from space 14336K, 53% used [0x00000000e8e00000,0x00000000e9589070,0x00000000e9c00000)
  to   space 14336K, 0% used [0x00000000e8000000,0x00000000e8000000,0x00000000e8e00000)
 ParOldGen       total 113664K, used 11912K [0x00000000a0000000, 0x00000000a6f00000, 0x00000000e0000000)
  object space 113664K, 10% used [0x00000000a0000000,0x00000000a0ba2190,0x00000000a6f00000)
 Metaspace       used 34698K, capacity 35262K, committed 35416K, reserved 1079296K
  class space    used 4838K, capacity 5065K, committed 5120K, reserved 1048576K
Event: 3.325 GC heap after
Heap after GC invocations=8 (full 2):
 PSYoungGen      total 145408K, used 0K [0x00000000e0000000, 0x00000000eea80000, 0x0000000100000000)
  eden space 131072K, 0% used [0x00000000e0000000,0x00000000e0000000,0x00000000e8000000)
  from space 14336K, 0% used [0x00000000e8e00000,0x00000000e8e00000,0x00000000e9c00000)
  to   space 14336K, 0% used [0x00000000e8000000,0x00000000e8000000,0x00000000e8e00000)
 ParOldGen       total 157696K, used 14760K [0x00000000a0000000, 0x00000000a9a00000, 0x00000000e0000000)
  object space 157696K, 9% used [0x00000000a0000000,0x00000000a0e6a330,0x00000000a9a00000)
 Metaspace       used 34698K, capacity 35262K, committed 35416K, reserved 1079296K
  class space    used 4838K, capacity 5065K, committed 5120K, reserved 1048576K
}
Event: 4.409 GC heap before
{Heap before GC invocations=9 (full 2):
 PSYoungGen      total 145408K, used 131072K [0x00000000e0000000, 0x00000000eea80000, 0x0000000100000000)
  eden space 131072K, 100% used [0x00000000e0000000,0x00000000e8000000,0x00000000e8000000)
  from space 14336K, 0% used [0x00000000e8e00000,0x00000000e8e00000,0x00000000e9c00000)
  to   space 14336K, 0% used [0x00000000e8000000,0x00000000e8000000,0x00000000e8e00000)
 ParOldGen       total 157696K, used 14760K [0x00000000a0000000, 0x00000000a9a00000, 0x00000000e0000000)
  object space 157696K, 9% used [0x00000000a0000000,0x00000000a0e6a330,0x00000000a9a00000)
 Metaspace       used 47846K, capacity 48746K, committed 49024K, reserved 1091584K
  class space    used 6473K, capacity 6752K, committed 6784K, reserved 1048576K
Event: 4.419 GC heap after
Heap after GC invocations=9 (full 2):
 PSYoungGen      total 145408K, used 14325K [0x00000000e0000000, 0x00000000eed80000, 0x0000000100000000)
  eden space 131072K, 0% used [0x00000000e0000000,0x00000000e0000000,0x00000000e8000000)
  from space 14336K, 99% used [0x00000000e8000000,0x00000000e8dfd770,0x00000000e8e00000)
  to   space 17920K, 0% used [0x00000000edc00000,0x00000000edc00000,0x00000000eed80000)
 ParOldGen       total 157696K, used 18138K [0x00000000a0000000, 0x00000000a9a00000, 0x00000000e0000000)
  object space 157696K, 11% used [0x00000000a0000000,0x00000000a11b6990,0x00000000a9a00000)
 Metaspace       used 47846K, capacity 48746K, committed 49024K, reserved 1091584K
  class space    used 6473K, capacity 6752K, committed 6784K, reserved 1048576K
}
Event: 5.384 GC heap before
{Heap before GC invocations=10 (full 2):
 PSYoungGen      total 145408K, used 136667K [0x00000000e0000000, 0x00000000eed80000, 0x0000000100000000)
  eden space 131072K, 93% used [0x00000000e0000000,0x00000000e7779588,0x00000000e8000000)
  from space 14336K, 99% used [0x00000000e8000000,0x00000000e8dfd770,0x00000000e8e00000)
  to   space 17920K, 0% used [0x00000000edc00000,0x00000000edc00000,0x00000000eed80000)
 ParOldGen       total 157696K, used 18138K [0x00000000a0000000, 0x00000000a9a00000, 0x00000000e0000000)
  object space 157696K, 11% used [0x00000000a0000000,0x00000000a11b6990,0x00000000a9a00000)
 Metaspace       used 57358K, capacity 58916K, committed 59008K, reserved 1099776K
  class space    used 7859K, capacity 8289K, committed 8320K, reserved 1048576K
Event: 5.395 GC heap after
Heap after GC invocations=10 (full 2):
 PSYoungGen      total 220160K, used 17905K [0x00000000e0000000, 0x00000000ef080000, 0x0000000100000000)
  eden space 202240K, 0% used [0x00000000e0000000,0x00000000e0000000,0x00000000ec580000)
  from space 17920K, 99% used [0x00000000edc00000,0x00000000eed7c6f8,0x00000000eed80000)
  to   space 22016K, 0% used [0x00000000ec580000,0x00000000ec580000,0x00000000edb00000)
 ParOldGen       total 157696K, used 22595K [0x00000000a0000000, 0x00000000a9a00000, 0x00000000e0000000)
  object space 157696K, 14% used [0x00000000a0000000,0x00000000a1610d48,0x00000000a9a00000)
 Metaspace       used 57358K, capacity 58916K, committed 59008K, reserved 1099776K
  class space    used 7859K, capacity 8289K, committed 8320K, reserved 1048576K
}
Event: 5.396 GC heap before
{Heap before GC invocations=11 (full 3):
 PSYoungGen      total 220160K, used 17905K [0x00000000e0000000, 0x00000000ef080000, 0x0000000100000000)
  eden space 202240K, 0% used [0x00000000e0000000,0x00000000e0000000,0x00000000ec580000)
  from space 17920K, 99% used [0x00000000edc00000,0x00000000eed7c6f8,0x00000000eed80000)
  to   space 22016K, 0% used [0x00000000ec580000,0x00000000ec580000,0x00000000edb00000)
 ParOldGen       total 157696K, used 22595K [0x00000000a0000000, 0x00000000a9a00000, 0x00000000e0000000)
  object space 157696K, 14% used [0x00000000a0000000,0x00000000a1610d48,0x00000000a9a00000)
 Metaspace       used 57358K, capacity 58916K, committed 59008K, reserved 1099776K
  class space    used 7859K, capacity 8289K, committed 8320K, reserved 1048576K
Event: 5.545 GC heap after
Heap after GC invocations=11 (full 3):
 PSYoungGen      total 220160K, used 0K [0x00000000e0000000, 0x00000000ef080000, 0x0000000100000000)
  eden space 202240K, 0% used [0x00000000e0000000,0x00000000e0000000,0x00000000ec580000)
  from space 17920K, 0% used [0x00000000edc00000,0x00000000edc00000,0x00000000eed80000)
  to   space 22016K, 0% used [0x00000000ec580000,0x00000000ec580000,0x00000000edb00000)
 ParOldGen       total 232448K, used 35711K [0x00000000a0000000, 0x00000000ae300000, 0x00000000e0000000)
  object space 232448K, 15% used [0x00000000a0000000,0x00000000a22dfd78,0x00000000ae300000)
 Metaspace       used 57358K, capacity 58916K, committed 59008K, reserved 1099776K
  class space    used 7859K, capacity 8289K, committed 8320K, reserved 1048576K
}

