# JRE version: OpenJDK Runtime Environment (8.0_152-b01) (build 1.8.0_152-release-1248-b01)
# Java VM: OpenJDK 64-Bit Server VM (25.152-b01 mixed mode windows-amd64 compressed oops)
Heap:
 PSYoungGen      total 229888K, used 43123K [0x00000000e0000000, 0x00000000efa00000, 0x0000000100000000)
  eden space 211968K, 20% used [0x00000000e0000000,0x00000000e2a1cc88,0x00000000ecf00000)
  from space 17920K, 0% used [0x00000000ee580000,0x00000000ee580000,0x00000000ef700000)
  to   space 22016K, 0% used [0x00000000ecf00000,0x00000000ecf00000,0x00000000ee480000)
 ParOldGen       total 226816K, used 35593K [0x00000000a0000000, 0x00000000add80000, 0x00000000e0000000)
  object space 226816K, 15% used [0x00000000a0000000,0x00000000a22c2798,0x00000000add80000)
 Metaspace       used 58399K, capacity 59968K, committed 60160K, reserved 1101824K
  class space    used 7977K, capacity 8375K, committed 8448K, reserved 1048576K
GC Heap History (10 events):
Event: 3.825 GC heap before
{Heap before GC invocations=7 (full 1):
 PSYoungGen      total 138752K, used 17256K [0x00000000e0000000, 0x00000000e9e80000, 0x0000000100000000)
  eden space 128000K, 5% used [0x00000000e0000000,0x00000000e06615e0,0x00000000e7d00000)
  from space 10752K, 99% used [0x00000000e7d00000,0x00000000e8778d18,0x00000000e8780000)
  to   space 14336K, 0% used [0x00000000e9080000,0x00000000e9080000,0x00000000e9e80000)
 ParOldGen       total 113664K, used 11815K [0x00000000a0000000, 0x00000000a6f00000, 0x00000000e0000000)
  object space 113664K, 10% used [0x00000000a0000000,0x00000000a0b89c98,0x00000000a6f00000)
 Metaspace       used 34709K, capacity 35262K, committed 35416K, reserved 1079296K
  class space    used 4838K, capacity 5065K, committed 5120K, reserved 1048576K
Event: 3.831 GC heap after
Heap after GC invocations=7 (full 1):
 PSYoungGen      total 148480K, used 7748K [0x00000000e0000000, 0x00000000ef000000, 0x0000000100000000)
  eden space 134144K, 0% used [0x00000000e0000000,0x00000000e0000000,0x00000000e8300000)
  from space 14336K, 54% used [0x00000000e9080000,0x00000000e9811280,0x00000000e9e80000)
  to   space 13824K, 0% used [0x00000000e8300000,0x00000000e8300000,0x00000000e9080000)
 ParOldGen       total 113664K, used 11815K [0x00000000a0000000, 0x00000000a6f00000, 0x00000000e0000000)
  object space 113664K, 10% used [0x00000000a0000000,0x00000000a0b89c98,0x00000000a6f00000)
 Metaspace       used 34709K, capacity 35262K, committed 35416K, reserved 1079296K
  class space    used 4838K, capacity 5065K, committed 5120K, reserved 1048576K
}
Event: 3.831 GC heap before
{Heap before GC invocations=8 (full 2):
 PSYoungGen      total 148480K, used 7748K [0x00000000e0000000, 0x00000000ef000000, 0x0000000100000000)
  eden space 134144K, 0% used [0x00000000e0000000,0x00000000e0000000,0x00000000e8300000)
  from space 14336K, 54% used [0x00000000e9080000,0x00000000e9811280,0x00000000e9e80000)
  to   space 13824K, 0% used [0x00000000e8300000,0x00000000e8300000,0x00000000e9080000)
 ParOldGen       total 113664K, used 11815K [0x00000000a0000000, 0x00000000a6f00000, 0x00000000e0000000)
  object space 113664K, 10% used [0x00000000a0000000,0x00000000a0b89c98,0x00000000a6f00000)
 Metaspace       used 34709K, capacity 35262K, committed 35416K, reserved 1079296K
  class space    used 4838K, capacity 5065K, committed 5120K, reserved 1048576K
Event: 3.866 GC heap after
Heap after GC invocations=8 (full 2):
 PSYoungGen      total 148480K, used 0K [0x00000000e0000000, 0x00000000ef000000, 0x0000000100000000)
  eden space 134144K, 0% used [0x00000000e0000000,0x00000000e0000000,0x00000000e8300000)
  from space 14336K, 0% used [0x00000000e9080000,0x00000000e9080000,0x00000000e9e80000)
  to   space 13824K, 0% used [0x00000000e8300000,0x00000000e8300000,0x00000000e9080000)
 ParOldGen       total 154624K, used 14815K [0x00000000a0000000, 0x00000000a9700000, 0x00000000e0000000)
  object space 154624K, 9% used [0x00000000a0000000,0x00000000a0e77f88,0x00000000a9700000)
 Metaspace       used 34709K, capacity 35262K, committed 35416K, reserved 1079296K
  class space    used 4838K, capacity 5065K, committed 5120K, reserved 1048576K
}
Event: 5.084 GC heap before
{Heap before GC invocations=9 (full 2):
 PSYoungGen      total 148480K, used 134144K [0x00000000e0000000, 0x00000000ef000000, 0x0000000100000000)
  eden space 134144K, 100% used [0x00000000e0000000,0x00000000e8300000,0x00000000e8300000)
  from space 14336K, 0% used [0x00000000e9080000,0x00000000e9080000,0x00000000e9e80000)
  to   space 13824K, 0% used [0x00000000e8300000,0x00000000e8300000,0x00000000e9080000)
 ParOldGen       total 154624K, used 14815K [0x00000000a0000000, 0x00000000a9700000, 0x00000000e0000000)
  object space 154624K, 9% used [0x00000000a0000000,0x00000000a0e77f88,0x00000000a9700000)
 Metaspace       used 48030K, capacity 48982K, committed 49152K, reserved 1091584K
  class space    used 6510K, capacity 6830K, committed 6912K, reserved 1048576K
Event: 5.096 GC heap after
Heap after GC invocations=9 (full 2):
 PSYoungGen      total 147968K, used 13809K [0x00000000e0000000, 0x00000000ef700000, 0x0000000100000000)
  eden space 134144K, 0% used [0x00000000e0000000,0x00000000e0000000,0x00000000e8300000)
  from space 13824K, 99% used [0x00000000e8300000,0x00000000e907c5d8,0x00000000e9080000)
  to   space 17920K, 0% used [0x00000000ee580000,0x00000000ee580000,0x00000000ef700000)
 ParOldGen       total 154624K, used 18825K [0x00000000a0000000, 0x00000000a9700000, 0x00000000e0000000)
  object space 154624K, 12% used [0x00000000a0000000,0x00000000a12624e0,0x00000000a9700000)
 Metaspace       used 48030K, capacity 48982K, committed 49152K, reserved 1091584K
  class space    used 6510K, capacity 6830K, committed 6912K, reserved 1048576K
}
Event: 6.189 GC heap before
{Heap before GC invocations=10 (full 2):
 PSYoungGen      total 147968K, used 134072K [0x00000000e0000000, 0x00000000ef700000, 0x0000000100000000)
  eden space 134144K, 89% used [0x00000000e0000000,0x00000000e7571c90,0x00000000e8300000)
  from space 13824K, 99% used [0x00000000e8300000,0x00000000e907c5d8,0x00000000e9080000)
  to   space 17920K, 0% used [0x00000000ee580000,0x00000000ee580000,0x00000000ef700000)
 ParOldGen       total 154624K, used 18825K [0x00000000a0000000, 0x00000000a9700000, 0x00000000e0000000)
  object space 154624K, 12% used [0x00000000a0000000,0x00000000a12624e0,0x00000000a9700000)
 Metaspace       used 57379K, capacity 58960K, committed 59008K, reserved 1099776K
  class space    used 7873K, capacity 8303K, committed 8320K, reserved 1048576K
Event: 6.200 GC heap after
Heap after GC invocations=10 (full 2):
 PSYoungGen      total 229888K, used 17905K [0x00000000e0000000, 0x00000000efa00000, 0x0000000100000000)
  eden space 211968K, 0% used [0x00000000e0000000,0x00000000e0000000,0x00000000ecf00000)
  from space 17920K, 99% used [0x00000000ee580000,0x00000000ef6fc408,0x00000000ef700000)
  to   space 22016K, 0% used [0x00000000ecf00000,0x00000000ecf00000,0x00000000ee480000)
 ParOldGen       total 154624K, used 23117K [0x00000000a0000000, 0x00000000a9700000, 0x00000000e0000000)
  object space 154624K, 14% used [0x00000000a0000000,0x00000000a1693448,0x00000000a9700000)
 Metaspace       used 57379K, capacity 58960K, committed 59008K, reserved 1099776K
  class space    used 7873K, capacity 8303K, committed 8320K, reserved 1048576K
}
Event: 6.200 GC heap before
{Heap before GC invocations=11 (full 3):
 PSYoungGen      total 229888K, used 17905K [0x00000000e0000000, 0x00000000efa00000, 0x0000000100000000)
  eden space 211968K, 0% used [0x00000000e0000000,0x00000000e0000000,0x00000000ecf00000)
  from space 17920K, 99% used [0x00000000ee580000,0x00000000ef6fc408,0x00000000ef700000)
  to   space 22016K, 0% used [0x00000000ecf00000,0x00000000ecf00000,0x00000000ee480000)
 ParOldGen       total 154624K, used 23117K [0x00000000a0000000, 0x00000000a9700000, 0x00000000e0000000)
  object space 154624K, 14% used [0x00000000a0000000,0x00000000a1693448,0x00000000a9700000)
 Metaspace       used 57379K, capacity 58960K, committed 59008K, reserved 1099776K
  class space    used 7873K, capacity 8303K, committed 8320K, reserved 1048576K
Event: 6.350 GC heap after
Heap after GC invocations=11 (full 3):
 PSYoungGen      total 229888K, used 0K [0x00000000e0000000, 0x00000000efa00000, 0x0000000100000000)
  eden space 211968K, 0% used [0x00000000e0000000,0x00000000e0000000,0x00000000ecf00000)
  from space 17920K, 0% used [0x00000000ee580000,0x00000000ee580000,0x00000000ef700000)
  to   space 22016K, 0% used [0x00000000ecf00000,0x00000000ecf00000,0x00000000ee480000)
 ParOldGen       total 226816K, used 35593K [0x00000000a0000000, 0x00000000add80000, 0x00000000e0000000)
  object space 226816K, 15% used [0x00000000a0000000,0x00000000a22c2798,0x00000000add80000)
 Metaspace       used 57379K, capacity 58960K, committed 59008K, reserved 1099776K
  class space    used 7873K, capacity 8303K, committed 8320K, reserved 1048576K
}

